[debug] [2026-04-23T16:00:48.965Z] [Firebase Plugin] Activating Firebase extension.
[debug] [2026-04-23T16:00:56.083Z] [Firebase Plugin] requireAuthWrapper
[debug] [2026-04-23T16:00:56.089Z] > command requires scopes: ["email","openid","https://www.googleapis.com/auth/cloudplatformprojects.readonly","https://www.googleapis.com/auth/firebase","https://www.googleapis.com/auth/cloud-platform"]
[debug] [2026-04-23T16:00:56.091Z] > authorizing via signed-in user (safrisam.gaming455@gmail.com)
[debug] [2026-04-23T16:00:56.102Z] Checked if tokens are valid: true, expires at: 1776962780678
[debug] [2026-04-23T16:00:56.104Z] Checked if tokens are valid: true, expires at: 1776962780678
[debug] [2026-04-23T16:00:56.105Z] [Firebase Plugin] User found:  safrisam.gaming455@gmail.com
[info] [Firebase Plugin] (Core:Project) New user detected, fetching projects
[debug] [2026-04-23T16:00:56.111Z] Checked if tokens are valid: true, expires at: 1776962780678
[debug] [2026-04-23T16:00:56.117Z] >>> [apiv2][query] GET https://firebase.googleapis.com/v1beta1/projects pageSize=1000
[debug] [2026-04-23T16:00:56.153Z] [Firebase Plugin] VSCode notification server listening on port 40001
[info] [Firebase Plugin] Starting SQL Connect toolkit (version 3.4.5) on port 50001
[debug] [2026-04-23T16:00:57.142Z] I0423 23:00:57.108869  328335 control.go:100] [projects/emulator/locations/emulator/services/concert fda2] UpdateResources(): done
Main schema: sources: schema/schema.gql [1992B] 
Connector "example": sources: example/mutations.gql [1243B] example/queries.gql [1801B] 
 {"metadata":{"emulator":{"name":"dataconnect"},"message":"I0423 23:00:57.108869  328335 control.go:100] [projects/emulator/locations/emulator/services/concert fda2] UpdateResources(): done\nMain schema: sources: schema/schema.gql [1992B] \nConnector \"example\": sources: example/mutations.gql [1243B] example/queries.gql [1801B] \n"}}
[debug] [2026-04-23T16:00:57.145Z] Ignoring unsupported arg: auto_download {"metadata":{"emulator":{"name":"dataconnect"},"message":"Ignoring unsupported arg: auto_download"}}
[debug] [2026-04-23T16:00:57.146Z] Ignoring unsupported arg: port {"metadata":{"emulator":{"name":"dataconnect"},"message":"Ignoring unsupported arg: port"}}
[debug] [2026-04-23T16:00:57.147Z] Starting SQL Connect Emulator with command {"binary":"/home/udin/.cache/firebase/emulators/dataconnect-emulator-3.4.5","args":["--logtostderr","-v=2","dev","--listen=localhost:50001","--config_dir=/home/udin/Documents/concertapp/dataconnect","--enable_output_schema_extensions=true","--enable_output_generated_sdk=true"],"optionalArgs":["listen","config_dir","enable_output_schema_extensions","enable_output_generated_sdk"],"joinArgs":true,"shell":false,"port":9399} {"metadata":{"emulator":{"name":"dataconnect"},"message":"Starting SQL Connect Emulator with command {\"binary\":\"/home/udin/.cache/firebase/emulators/dataconnect-emulator-3.4.5\",\"args\":[\"--logtostderr\",\"-v=2\",\"dev\",\"--listen=localhost:50001\",\"--config_dir=/home/udin/Documents/concertapp/dataconnect\",\"--enable_output_schema_extensions=true\",\"--enable_output_generated_sdk=true\"],\"optionalArgs\":[\"listen\",\"config_dir\",\"enable_output_schema_extensions\",\"enable_output_generated_sdk\"],\"joinArgs\":true,\"shell\":false,\"port\":9399}"}}
[info] i  dataconnect: SQL Connect Emulator logging to dataconnect-debug.log {"metadata":{"emulator":{"name":"dataconnect"},"message":"SQL Connect Emulator logging to dataconnect-debug.log"}}
[debug] [2026-04-23T16:00:57.288Z] I0423 23:00:57.249301  328347 load.go:31] Reloading schema and connectors...
 {"metadata":{"emulator":{"name":"dataconnect"},"message":"I0423 23:00:57.249301  328347 load.go:31] Reloading schema and connectors...\n"}}
[debug] [2026-04-23T16:00:57.335Z] I0423 23:00:57.305937  328347 control.go:100] [projects/emulator/locations/emulator/services/concert 7466] UpdateResources(): done
Main schema: sources: schema/schema.gql [1992B] 
Connector "example": sources: example/mutations.gql [1243B] example/queries.gql [1801B] 
 {"metadata":{"emulator":{"name":"dataconnect"},"message":"I0423 23:00:57.305937  328347 control.go:100] [projects/emulator/locations/emulator/services/concert 7466] UpdateResources(): done\nMain schema: sources: schema/schema.gql [1992B] \nConnector \"example\": sources: example/mutations.gql [1243B] example/queries.gql [1801B] \n"}}
[debug] [2026-04-23T16:00:57.423Z] I0423 23:00:57.360387  328347 codegen.go:101] [connector "example" dartSdk] Generating sources into "/home/udin/Documents/concertapp/lib/dataconnect_generated"
 {"metadata":{"emulator":{"name":"dataconnect"},"message":"I0423 23:00:57.360387  328347 codegen.go:101] [connector \"example\" dartSdk] Generating sources into \"/home/udin/Documents/concertapp/lib/dataconnect_generated\"\n"}}
[debug] [2026-04-23T16:00:57.703Z] I0423 23:00:57.699880  328347 collector.go:107] schema extensions wrote into "/home/udin/Documents/concertapp/dataconnect/.dataconnect/schema"
Generated sources: main/mutation.gql [13679B] prelude.gql [82799B] main/implicit.gql [1261B] main/input.gql [28927B] main/relation.gql [14318B] main/query.gql [5099B] 
 {"metadata":{"emulator":{"name":"dataconnect"},"message":"I0423 23:00:57.699880  328347 collector.go:107] schema extensions wrote into \"/home/udin/Documents/concertapp/dataconnect/.dataconnect/schema\"\nGenerated sources: main/mutation.gql [13679B] prelude.gql [82799B] main/implicit.gql [1261B] main/input.gql [28927B] main/relation.gql [14318B] main/query.gql [5099B] \n"}}
[debug] [2026-04-23T16:00:57.711Z] I0423 23:00:57.709376  328347 collector.go:107] connector "example" dartSdk wrote into "/home/udin/Documents/concertapp/lib/dataconnect_generated"
Generated sources: .guides/setup.md [756B] .guides/config.json [236B] create_movie.dart [3598B] add_review.dart [3874B] list_movies.dart [2718B] list_users.dart [2236B] list_user_reviews.dart [5172B] get_movie_by_id.dart [8364B] search_movie.dart [4743B] generated.dart [2458B] upsert_user.dart [3044B] delete_review.dart [3463B] README.md [11557B] .guides/usage.md [1181B] 
I0423 23:00:57.709441  328347 load.go:109] Finished reloading
 {"metadata":{"emulator":{"name":"dataconnect"},"message":"I0423 23:00:57.709376  328347 collector.go:107] connector \"example\" dartSdk wrote into \"/home/udin/Documents/concertapp/lib/dataconnect_generated\"\nGenerated sources: .guides/setup.md [756B] .guides/config.json [236B] create_movie.dart [3598B] add_review.dart [3874B] list_movies.dart [2718B] list_users.dart [2236B] list_user_reviews.dart [5172B] get_movie_by_id.dart [8364B] search_movie.dart [4743B] generated.dart [2458B] upsert_user.dart [3044B] delete_review.dart [3463B] README.md [11557B] .guides/usage.md [1181B] \nI0423 23:00:57.709441  328347 load.go:109] Finished reloading\n"}}
[debug] [2026-04-23T16:00:57.721Z] I0423 23:00:57.720623  328347 dev.go:104] Listening on address (HTTP + gRPC): 127.0.0.1:50001
 {"metadata":{"emulator":{"name":"dataconnect"},"message":"I0423 23:00:57.720623  328347 dev.go:104] Listening on address (HTTP + gRPC): 127.0.0.1:50001\n"}}
[debug] [2026-04-23T16:00:57.996Z] I0423 23:00:57.995667  328347 engine.go:209] [projects/emulator/locations/emulator/services/concert 7466] ExecuteGraphqlRead query IntrospectionQuery: succeeded. 
 {"metadata":{"emulator":{"name":"dataconnect"},"message":"I0423 23:00:57.995667  328347 engine.go:209] [projects/emulator/locations/emulator/services/concert 7466] ExecuteGraphqlRead query IntrospectionQuery: succeeded. \n"}}
[debug] [2026-04-23T16:00:58.038Z] <<< [apiv2][status] GET https://firebase.googleapis.com/v1beta1/projects 200
[debug] [2026-04-23T16:00:58.039Z] <<< [apiv2][body] GET https://firebase.googleapis.com/v1beta1/projects [omitted]
